<?xml version="1.0" encoding="UTF-8"?>
<!-- Generated by org.testng.reporters.JUnitXMLReporter -->
<testsuite ignored="0" hostname="SANKAPPA" failures="0" tests="4" name="Test" time="28.882" errors="0" timestamp="2023-11-21T20:02:06 IST">
  <testcase classname="Class2.TestCase19_ViewCart_Brand_Products" name="POLOPRODUCTS" time="10.725"/>
  <testcase classname="Class2.TestCase19_ViewCart_Brand_Products" name="VERIFYPOLOPRODUCTS" time="0.199"/>
  <testcase classname="Class2.TestCase19_ViewCart_Brand_Products" name="HMPRODUCTS" time="2.638"/>
  <testcase classname="Class2.TestCase19_ViewCart_Brand_Products" name="verifyHMPRODUCTS" time="0.095"/>
</testsuite> <!-- Test -->
