<?xml version="1.0" encoding="UTF-8"?>
<testng-results ignored="0" total="4" passed="4" failed="0" skipped="0">
  <reporter-output>
  </reporter-output>
  <suite started-at="2023-11-21T20:01:37 IST" name="Suite" finished-at="2023-11-21T20:02:06 IST" duration-ms="28882">
    <groups>
    </groups>
    <test started-at="2023-11-21T20:01:37 IST" name="Test" finished-at="2023-11-21T20:02:06 IST" duration-ms="28882">
      <class name="Class2.TestCase19_ViewCart_Brand_Products">
        <test-method is-config="true" signature="setUp()[pri:0, instance:Class2.TestCase19_ViewCart_Brand_Products@4afcd809]" started-at="2023-11-21T20:01:37 IST" name="setUp" finished-at="2023-11-21T20:01:51 IST" duration-ms="14577" status="PASS">
          <reporter-output>
          </reporter-output>
        </test-method> <!-- setUp -->
        <test-method signature="POLOPRODUCTS()[pri:1, instance:Class2.TestCase19_ViewCart_Brand_Products@4afcd809]" started-at="2023-11-21T20:01:52 IST" name="POLOPRODUCTS" finished-at="2023-11-21T20:02:02 IST" duration-ms="10725" status="PASS">
          <reporter-output>
          </reporter-output>
        </test-method> <!-- POLOPRODUCTS -->
        <test-method signature="VERIFYPOLOPRODUCTS()[pri:2, instance:Class2.TestCase19_ViewCart_Brand_Products@4afcd809]" started-at="2023-11-21T20:02:02 IST" name="VERIFYPOLOPRODUCTS" finished-at="2023-11-21T20:02:02 IST" depends-on-methods="Class2.TestCase19_ViewCart_Brand_Products.POLOPRODUCTS" duration-ms="199" status="PASS">
          <reporter-output>
          </reporter-output>
        </test-method> <!-- VERIFYPOLOPRODUCTS -->
        <test-method signature="HMPRODUCTS()[pri:3, instance:Class2.TestCase19_ViewCart_Brand_Products@4afcd809]" started-at="2023-11-21T20:02:02 IST" name="HMPRODUCTS" finished-at="2023-11-21T20:02:05 IST" depends-on-methods="Class2.TestCase19_ViewCart_Brand_Products.VERIFYPOLOPRODUCTS" duration-ms="2638" status="PASS">
          <reporter-output>
          </reporter-output>
        </test-method> <!-- HMPRODUCTS -->
        <test-method signature="verifyHMPRODUCTS()[pri:4, instance:Class2.TestCase19_ViewCart_Brand_Products@4afcd809]" started-at="2023-11-21T20:02:05 IST" name="verifyHMPRODUCTS" finished-at="2023-11-21T20:02:05 IST" depends-on-methods="Class2.TestCase19_ViewCart_Brand_Products.HMPRODUCTS" duration-ms="95" status="PASS">
          <reporter-output>
          </reporter-output>
        </test-method> <!-- verifyHMPRODUCTS -->
        <test-method is-config="true" signature="tearDown()[pri:0, instance:Class2.TestCase19_ViewCart_Brand_Products@4afcd809]" started-at="2023-11-21T20:02:05 IST" name="tearDown" finished-at="2023-11-21T20:02:06 IST" duration-ms="539" status="PASS">
          <reporter-output>
          </reporter-output>
        </test-method> <!-- tearDown -->
      </class> <!-- Class2.TestCase19_ViewCart_Brand_Products -->
    </test> <!-- Test -->
  </suite> <!-- Suite -->
</testng-results>
